CRITICAL - 2020-12-17 06:41:49 --> Function name must be a string
#0 C:\wamp64\www\file-listing\vendor\codeigniter4\framework\system\CodeIgniter.php(918): App\Controllers\Home->documentUpload()
#1 C:\wamp64\www\file-listing\vendor\codeigniter4\framework\system\CodeIgniter.php(404): CodeIgniter\CodeIgniter->runController(Object(App\Controllers\Home))
#2 C:\wamp64\www\file-listing\vendor\codeigniter4\framework\system\CodeIgniter.php(312): CodeIgniter\CodeIgniter->handleRequest(NULL, Object(Config\Cache), false)
#3 C:\wamp64\www\file-listing\public\index.php(45): CodeIgniter\CodeIgniter->run()
#4 {main}
CRITICAL - 2020-12-17 06:45:45 --> syntax error, unexpected ';', expecting ',' or ')'
#0 C:\wamp64\www\file-listing\vendor\codeigniter4\framework\system\Router\Router.php(195): CodeIgniter\Router\Router->autoRoute('home')
#1 C:\wamp64\www\file-listing\vendor\codeigniter4\framework\system\CodeIgniter.php(793): CodeIgniter\Router\Router->handle('home')
#2 C:\wamp64\www\file-listing\vendor\codeigniter4\framework\system\CodeIgniter.php(364): CodeIgniter\CodeIgniter->tryToRouteIt(Object(CodeIgniter\Router\RouteCollection))
#3 C:\wamp64\www\file-listing\vendor\codeigniter4\framework\system\CodeIgniter.php(312): CodeIgniter\CodeIgniter->handleRequest(NULL, Object(Config\Cache), false)
#4 C:\wamp64\www\file-listing\public\index.php(45): CodeIgniter\CodeIgniter->run()
#5 {main}
CRITICAL - 2020-12-17 06:45:46 --> syntax error, unexpected ';', expecting ',' or ')'
#0 C:\wamp64\www\file-listing\vendor\codeigniter4\framework\system\Router\Router.php(195): CodeIgniter\Router\Router->autoRoute('home')
#1 C:\wamp64\www\file-listing\vendor\codeigniter4\framework\system\CodeIgniter.php(793): CodeIgniter\Router\Router->handle('home')
#2 C:\wamp64\www\file-listing\vendor\codeigniter4\framework\system\CodeIgniter.php(364): CodeIgniter\CodeIgniter->tryToRouteIt(Object(CodeIgniter\Router\RouteCollection))
#3 C:\wamp64\www\file-listing\vendor\codeigniter4\framework\system\CodeIgniter.php(312): CodeIgniter\CodeIgniter->handleRequest(NULL, Object(Config\Cache), false)
#4 C:\wamp64\www\file-listing\public\index.php(45): CodeIgniter\CodeIgniter->run()
#5 {main}
CRITICAL - 2020-12-17 07:23:02 --> Call to a member function getRule() on null
#0 C:\wamp64\www\file-listing\vendor\codeigniter4\framework\system\CodeIgniter.php(918): App\Controllers\Home->documentUpload()
#1 C:\wamp64\www\file-listing\vendor\codeigniter4\framework\system\CodeIgniter.php(404): CodeIgniter\CodeIgniter->runController(Object(App\Controllers\Home))
#2 C:\wamp64\www\file-listing\vendor\codeigniter4\framework\system\CodeIgniter.php(312): CodeIgniter\CodeIgniter->handleRequest(NULL, Object(Config\Cache), false)
#3 C:\wamp64\www\file-listing\public\index.php(45): CodeIgniter\CodeIgniter->run()
#4 {main}
CRITICAL - 2020-12-17 07:30:27 --> syntax error, unexpected ''registration'' (T_CONSTANT_ENCAPSED_STRING), expecting function (T_FUNCTION) or const (T_CONST)
#0 C:\wamp64\www\file-listing\vendor\codeigniter4\framework\system\Autoloader\Autoloader.php(296): CodeIgniter\Autoloader\Autoloader->requireFile('C:\\wamp64\\www\\f...')
#1 C:\wamp64\www\file-listing\vendor\codeigniter4\framework\system\Autoloader\Autoloader.php(258): CodeIgniter\Autoloader\Autoloader->loadInNamespace('Config\\Validati...')
#2 [internal function]: CodeIgniter\Autoloader\Autoloader->loadClass('Config\\Validati...')
#3 C:\wamp64\www\file-listing\vendor\codeigniter4\framework\system\Config\Config.php(157): spl_autoload_call('Config\\Validati...')
#4 C:\wamp64\www\file-listing\vendor\codeigniter4\framework\system\Config\Config.php(83): CodeIgniter\Config\Config::createClass('Config\\Validati...')
#5 C:\wamp64\www\file-listing\vendor\codeigniter4\framework\system\Common.php(155): CodeIgniter\Config\Config::get('Validation', true)
#6 C:\wamp64\www\file-listing\vendor\codeigniter4\framework\system\Config\Services.php(898): config('Validation')
#7 C:\wamp64\www\file-listing\vendor\codeigniter4\framework\system\Config\BaseService.php(123): CodeIgniter\Config\Services::validation(NULL, false)
#8 C:\wamp64\www\file-listing\vendor\codeigniter4\framework\system\Config\Services.php(893): CodeIgniter\Config\BaseService::getSharedInstance('validation', NULL)
#9 C:\wamp64\www\file-listing\app\Controllers\Home.php(12): CodeIgniter\Config\Services::validation()
#10 C:\wamp64\www\file-listing\vendor\codeigniter4\framework\system\CodeIgniter.php(918): App\Controllers\Home->documentUpload()
#11 C:\wamp64\www\file-listing\vendor\codeigniter4\framework\system\CodeIgniter.php(404): CodeIgniter\CodeIgniter->runController(Object(App\Controllers\Home))
#12 C:\wamp64\www\file-listing\vendor\codeigniter4\framework\system\CodeIgniter.php(312): CodeIgniter\CodeIgniter->handleRequest(NULL, Object(Config\Cache), false)
#13 C:\wamp64\www\file-listing\public\index.php(45): CodeIgniter\CodeIgniter->run()
#14 {main}
CRITICAL - 2020-12-17 07:33:22 --> Call to a member function getRule() on null
#0 C:\wamp64\www\file-listing\vendor\codeigniter4\framework\system\CodeIgniter.php(918): App\Controllers\Home->documentUpload()
#1 C:\wamp64\www\file-listing\vendor\codeigniter4\framework\system\CodeIgniter.php(404): CodeIgniter\CodeIgniter->runController(Object(App\Controllers\Home))
#2 C:\wamp64\www\file-listing\vendor\codeigniter4\framework\system\CodeIgniter.php(312): CodeIgniter\CodeIgniter->handleRequest(NULL, Object(Config\Cache), false)
#3 C:\wamp64\www\file-listing\public\index.php(45): CodeIgniter\CodeIgniter->run()
#4 {main}
CRITICAL - 2020-12-17 23:37:03 --> Class 'App\Controllers\Services' not found
#0 C:\wamp64\www\file-listing\vendor\codeigniter4\framework\system\CodeIgniter.php(890): App\Controllers\Home->__construct()
#1 C:\wamp64\www\file-listing\vendor\codeigniter4\framework\system\CodeIgniter.php(399): CodeIgniter\CodeIgniter->createController()
#2 C:\wamp64\www\file-listing\vendor\codeigniter4\framework\system\CodeIgniter.php(312): CodeIgniter\CodeIgniter->handleRequest(NULL, Object(Config\Cache), false)
#3 C:\wamp64\www\file-listing\public\index.php(45): CodeIgniter\CodeIgniter->run()
#4 {main}
CRITICAL - 2020-12-17 23:37:12 --> Class 'App\Controllers\Services' not found
#0 C:\wamp64\www\file-listing\vendor\codeigniter4\framework\system\CodeIgniter.php(890): App\Controllers\Home->__construct()
#1 C:\wamp64\www\file-listing\vendor\codeigniter4\framework\system\CodeIgniter.php(399): CodeIgniter\CodeIgniter->createController()
#2 C:\wamp64\www\file-listing\vendor\codeigniter4\framework\system\CodeIgniter.php(312): CodeIgniter\CodeIgniter->handleRequest(NULL, Object(Config\Cache), false)
#3 C:\wamp64\www\file-listing\public\index.php(45): CodeIgniter\CodeIgniter->run()
#4 {main}
CRITICAL - 2020-12-17 23:37:15 --> Class 'App\Controllers\Services' not found
#0 C:\wamp64\www\file-listing\vendor\codeigniter4\framework\system\CodeIgniter.php(890): App\Controllers\Home->__construct()
#1 C:\wamp64\www\file-listing\vendor\codeigniter4\framework\system\CodeIgniter.php(399): CodeIgniter\CodeIgniter->createController()
#2 C:\wamp64\www\file-listing\vendor\codeigniter4\framework\system\CodeIgniter.php(312): CodeIgniter\CodeIgniter->handleRequest(NULL, Object(Config\Cache), false)
#3 C:\wamp64\www\file-listing\public\index.php(45): CodeIgniter\CodeIgniter->run()
#4 {main}
CRITICAL - 2020-12-17 23:37:32 --> Class 'App\Controllers\Services' not found
#0 C:\wamp64\www\file-listing\vendor\codeigniter4\framework\system\CodeIgniter.php(890): App\Controllers\Home->__construct()
#1 C:\wamp64\www\file-listing\vendor\codeigniter4\framework\system\CodeIgniter.php(399): CodeIgniter\CodeIgniter->createController()
#2 C:\wamp64\www\file-listing\vendor\codeigniter4\framework\system\CodeIgniter.php(312): CodeIgniter\CodeIgniter->handleRequest(NULL, Object(Config\Cache), false)
#3 C:\wamp64\www\file-listing\public\index.php(45): CodeIgniter\CodeIgniter->run()
#4 {main}
CRITICAL - 2020-12-17 23:37:49 --> Class 'App\Controllers\Services' not found
#0 C:\wamp64\www\file-listing\vendor\codeigniter4\framework\system\CodeIgniter.php(890): App\Controllers\Home->__construct()
#1 C:\wamp64\www\file-listing\vendor\codeigniter4\framework\system\CodeIgniter.php(399): CodeIgniter\CodeIgniter->createController()
#2 C:\wamp64\www\file-listing\vendor\codeigniter4\framework\system\CodeIgniter.php(312): CodeIgniter\CodeIgniter->handleRequest(NULL, Object(Config\Cache), false)
#3 C:\wamp64\www\file-listing\public\index.php(45): CodeIgniter\CodeIgniter->run()
#4 {main}
CRITICAL - 2020-12-17 23:38:20 --> Class 'App\Controllers\Services' not found
#0 C:\wamp64\www\file-listing\vendor\codeigniter4\framework\system\CodeIgniter.php(890): App\Controllers\Home->__construct()
#1 C:\wamp64\www\file-listing\vendor\codeigniter4\framework\system\CodeIgniter.php(399): CodeIgniter\CodeIgniter->createController()
#2 C:\wamp64\www\file-listing\vendor\codeigniter4\framework\system\CodeIgniter.php(312): CodeIgniter\CodeIgniter->handleRequest(NULL, Object(Config\Cache), false)
#3 C:\wamp64\www\file-listing\public\index.php(45): CodeIgniter\CodeIgniter->run()
#4 {main}
CRITICAL - 2020-12-17 23:38:21 --> Class 'App\Controllers\Services' not found
#0 C:\wamp64\www\file-listing\vendor\codeigniter4\framework\system\CodeIgniter.php(890): App\Controllers\Home->__construct()
#1 C:\wamp64\www\file-listing\vendor\codeigniter4\framework\system\CodeIgniter.php(399): CodeIgniter\CodeIgniter->createController()
#2 C:\wamp64\www\file-listing\vendor\codeigniter4\framework\system\CodeIgniter.php(312): CodeIgniter\CodeIgniter->handleRequest(NULL, Object(Config\Cache), false)
#3 C:\wamp64\www\file-listing\public\index.php(45): CodeIgniter\CodeIgniter->run()
#4 {main}
CRITICAL - 2020-12-17 23:38:22 --> Class 'App\Controllers\Services' not found
#0 C:\wamp64\www\file-listing\vendor\codeigniter4\framework\system\CodeIgniter.php(890): App\Controllers\Home->__construct()
#1 C:\wamp64\www\file-listing\vendor\codeigniter4\framework\system\CodeIgniter.php(399): CodeIgniter\CodeIgniter->createController()
#2 C:\wamp64\www\file-listing\vendor\codeigniter4\framework\system\CodeIgniter.php(312): CodeIgniter\CodeIgniter->handleRequest(NULL, Object(Config\Cache), false)
#3 C:\wamp64\www\file-listing\public\index.php(45): CodeIgniter\CodeIgniter->run()
#4 {main}
CRITICAL - 2020-12-17 23:38:23 --> Class 'App\Controllers\Services' not found
#0 C:\wamp64\www\file-listing\vendor\codeigniter4\framework\system\CodeIgniter.php(890): App\Controllers\Home->__construct()
#1 C:\wamp64\www\file-listing\vendor\codeigniter4\framework\system\CodeIgniter.php(399): CodeIgniter\CodeIgniter->createController()
#2 C:\wamp64\www\file-listing\vendor\codeigniter4\framework\system\CodeIgniter.php(312): CodeIgniter\CodeIgniter->handleRequest(NULL, Object(Config\Cache), false)
#3 C:\wamp64\www\file-listing\public\index.php(45): CodeIgniter\CodeIgniter->run()
#4 {main}
CRITICAL - 2020-12-17 23:38:59 --> Class 'App\Controllers\Services' not found
#0 C:\wamp64\www\file-listing\vendor\codeigniter4\framework\system\CodeIgniter.php(890): App\Controllers\Home->__construct()
#1 C:\wamp64\www\file-listing\vendor\codeigniter4\framework\system\CodeIgniter.php(399): CodeIgniter\CodeIgniter->createController()
#2 C:\wamp64\www\file-listing\vendor\codeigniter4\framework\system\CodeIgniter.php(312): CodeIgniter\CodeIgniter->handleRequest(NULL, Object(Config\Cache), false)
#3 C:\wamp64\www\file-listing\public\index.php(45): CodeIgniter\CodeIgniter->run()
#4 {main}
CRITICAL - 2020-12-17 23:40:45 --> Class 'App\Controllers\Services' not found
#0 C:\wamp64\www\file-listing\vendor\codeigniter4\framework\system\CodeIgniter.php(890): App\Controllers\Home->__construct()
#1 C:\wamp64\www\file-listing\vendor\codeigniter4\framework\system\CodeIgniter.php(399): CodeIgniter\CodeIgniter->createController()
#2 C:\wamp64\www\file-listing\vendor\codeigniter4\framework\system\CodeIgniter.php(312): CodeIgniter\CodeIgniter->handleRequest(NULL, Object(Config\Cache), false)
#3 C:\wamp64\www\file-listing\public\index.php(45): CodeIgniter\CodeIgniter->run()
#4 {main}
CRITICAL - 2020-12-17 23:41:08 --> syntax error, unexpected end of file, expecting function (T_FUNCTION) or const (T_CONST)
#0 C:\wamp64\www\file-listing\vendor\codeigniter4\framework\system\Router\Router.php(195): CodeIgniter\Router\Router->autoRoute('home')
#1 C:\wamp64\www\file-listing\vendor\codeigniter4\framework\system\CodeIgniter.php(793): CodeIgniter\Router\Router->handle('home')
#2 C:\wamp64\www\file-listing\vendor\codeigniter4\framework\system\CodeIgniter.php(364): CodeIgniter\CodeIgniter->tryToRouteIt(Object(CodeIgniter\Router\RouteCollection))
#3 C:\wamp64\www\file-listing\vendor\codeigniter4\framework\system\CodeIgniter.php(312): CodeIgniter\CodeIgniter->handleRequest(NULL, Object(Config\Cache), false)
#4 C:\wamp64\www\file-listing\public\index.php(45): CodeIgniter\CodeIgniter->run()
#5 {main}
CRITICAL - 2020-12-17 23:41:27 --> syntax error, unexpected end of file, expecting function (T_FUNCTION) or const (T_CONST)
#0 C:\wamp64\www\file-listing\vendor\codeigniter4\framework\system\Router\Router.php(195): CodeIgniter\Router\Router->autoRoute('home')
#1 C:\wamp64\www\file-listing\vendor\codeigniter4\framework\system\CodeIgniter.php(793): CodeIgniter\Router\Router->handle('home')
#2 C:\wamp64\www\file-listing\vendor\codeigniter4\framework\system\CodeIgniter.php(364): CodeIgniter\CodeIgniter->tryToRouteIt(Object(CodeIgniter\Router\RouteCollection))
#3 C:\wamp64\www\file-listing\vendor\codeigniter4\framework\system\CodeIgniter.php(312): CodeIgniter\CodeIgniter->handleRequest(NULL, Object(Config\Cache), false)
#4 C:\wamp64\www\file-listing\public\index.php(45): CodeIgniter\CodeIgniter->run()
#5 {main}
CRITICAL - 2020-12-17 23:44:01 --> Call to undefined method App\Models\FileListModel::getLastQuery
#0 C:\wamp64\www\file-listing\app\Controllers\Home.php(42): CodeIgniter\Model->__call('getLastQuery', Array)
#1 C:\wamp64\www\file-listing\vendor\codeigniter4\framework\system\CodeIgniter.php(918): App\Controllers\Home->documentUpload()
#2 C:\wamp64\www\file-listing\vendor\codeigniter4\framework\system\CodeIgniter.php(404): CodeIgniter\CodeIgniter->runController(Object(App\Controllers\Home))
#3 C:\wamp64\www\file-listing\vendor\codeigniter4\framework\system\CodeIgniter.php(312): CodeIgniter\CodeIgniter->handleRequest(NULL, Object(Config\Cache), false)
#4 C:\wamp64\www\file-listing\public\index.php(45): CodeIgniter\CodeIgniter->run()
#5 {main}
CRITICAL - 2020-12-17 23:47:09 --> syntax error, unexpected '}', expecting ';'
#0 C:\wamp64\www\file-listing\vendor\codeigniter4\framework\system\Router\Router.php(195): CodeIgniter\Router\Router->autoRoute('home/documentUp...')
#1 C:\wamp64\www\file-listing\vendor\codeigniter4\framework\system\CodeIgniter.php(793): CodeIgniter\Router\Router->handle('home/documentUp...')
#2 C:\wamp64\www\file-listing\vendor\codeigniter4\framework\system\CodeIgniter.php(364): CodeIgniter\CodeIgniter->tryToRouteIt(Object(CodeIgniter\Router\RouteCollection))
#3 C:\wamp64\www\file-listing\vendor\codeigniter4\framework\system\CodeIgniter.php(312): CodeIgniter\CodeIgniter->handleRequest(NULL, Object(Config\Cache), false)
#4 C:\wamp64\www\file-listing\public\index.php(45): CodeIgniter\CodeIgniter->run()
#5 {main}
